\BOOKMARK [0][-]{section*.1}{\376\377\000A\000c\000k\000n\000o\000w\000l\000e\000d\000g\000e\000m\000e\000n\000t\000s}{}% 1
\BOOKMARK [0][-]{section*.2}{\376\377\000A\000b\000s\000t\000r\000a\000c\000t}{}% 2
\BOOKMARK [0][-]{chapter*.3}{\376\377\000C\000o\000n\000t\000e\000n\000t\000s}{}% 3
\BOOKMARK [0][-]{section*.5}{\376\377\000A\000b\000b\000r\000e\000v\000i\000a\000t\000i\000o\000n\000s}{}% 4
\BOOKMARK [0][-]{chapter.1}{\376\377\000I\000n\000t\000r\000o\000d\000u\000c\000t\000i\000o\000n}{}% 5
\BOOKMARK [1][-]{section.1.1}{\376\377\000T\000h\000e\000\040\000p\000r\000o\000b\000l\000e\000m}{chapter.1}% 6
\BOOKMARK [1][-]{section.1.2}{\376\377\000R\000e\000l\000a\000t\000e\000d\000\040\000W\000o\000r\000k}{chapter.1}% 7
\BOOKMARK [0][-]{chapter.2}{\376\377\000B\000a\000c\000k\000g\000r\000o\000u\000n\000d}{}% 8
\BOOKMARK [1][-]{section.2.1}{\376\377\000R\000e\000i\000n\000f\000o\000r\000c\000e\000m\000e\000n\000t\000\040\000L\000e\000a\000r\000n\000i\000n\000g\000s}{chapter.2}% 9
\BOOKMARK [2][-]{subsection.2.1.1}{\376\377\000T\000h\000e\000\040\000e\000n\000v\000i\000r\000o\000n\000m\000e\000n\000t}{section.2.1}% 10
\BOOKMARK [2][-]{subsection.2.1.2}{\376\377\000M\000a\000r\000k\000o\000v\000\040\000D\000e\000c\000i\000s\000i\000o\000n\000\040\000P\000r\000o\000c\000e\000s\000s\000e\000s}{section.2.1}% 11
\BOOKMARK [2][-]{subsection.2.1.3}{\376\377\000R\000e\000t\000u\000r\000n\000s}{section.2.1}% 12
\BOOKMARK [2][-]{subsection.2.1.4}{\376\377\000R\000e\000w\000a\000r\000d\000\040\000s\000h\000a\000p\000i\000n\000g}{section.2.1}% 13
\BOOKMARK [2][-]{subsection.2.1.5}{\376\377\000P\000o\000l\000i\000c\000y}{section.2.1}% 14
\BOOKMARK [0][-]{chapter.3}{\376\377\000M\000e\000t\000h\000o\000d\000o\000l\000o\000g\000y}{}% 15
\BOOKMARK [1][-]{section.3.1}{\376\377\000M\000o\000n\000t\000e\000z\000u\000m\000a\000'\000s\000\040\000R\000e\000v\000e\000n\000g\000e}{chapter.3}% 16
\BOOKMARK [2][-]{subsection.3.1.1}{\376\377\000D\000e\000s\000c\000r\000i\000p\000t\000i\000o\000n}{section.3.1}% 17
\BOOKMARK [2][-]{subsection.3.1.2}{\376\377\000M\000e\000m\000o\000r\000y\000\040\000l\000a\000y\000o\000u\000t\000\040\000o\000f\000\040\000t\000h\000e\000\040\000A\000t\000a\000r\000i\000\040\0002\0006\0000\0000}{section.3.1}% 18
\BOOKMARK [2][-]{subsection.3.1.3}{\376\377\000R\000e\000v\000e\000r\000s\000e\000-\000e\000n\000g\000i\000n\000e\000e\000r\000i\000n\000g\000\040\000M\000o\000n\000t\000e\000z\000u\000m\000a\000'\000s\000\040\000R\000e\000v\000e\000n\000g\000e}{section.3.1}% 19
\BOOKMARK [1][-]{section.3.2}{\376\377\000L\000e\000a\000r\000n\000i\000n\000g}{chapter.3}% 20
\BOOKMARK [2][-]{subsection.3.2.1}{\376\377\000S\000t\000a\000t\000e\000-\000a\000c\000t\000i\000o\000n\000\040\000r\000e\000p\000r\000e\000s\000e\000n\000t\000a\000t\000i\000o\000n}{section.3.2}% 21
\BOOKMARK [2][-]{subsection.3.2.2}{\376\377\000S\000h\000a\000p\000i\000n\000g\000\040\000f\000u\000n\000c\000t\000i\000o\000n}{section.3.2}% 22
\BOOKMARK [2][-]{subsection.3.2.3}{\376\377\000O\000p\000t\000i\000o\000n\000s}{section.3.2}% 23
\BOOKMARK [1][-]{section.3.3}{\376\377\000P\000l\000a\000n\000n\000i\000n\000g}{chapter.3}% 24
\BOOKMARK [2][-]{subsection.3.3.1}{\376\377\000W\000i\000d\000t\000h\000\040\000o\000f\000\040\000M\000o\000n\000t\000e\000z\000u\000m\000a\000'\000s\000\040\000R\000e\000v\000e\000n\000g\000e}{section.3.3}% 25
\BOOKMARK [2][-]{subsection.3.3.2}{\376\377\000I\000m\000p\000r\000o\000v\000i\000n\000g\000\040\000s\000c\000o\000r\000e\000\040\000w\000i\000t\000h\000\040\000d\000o\000m\000a\000i\000n\000\040\000k\000n\000o\000w\000l\000e\000d\000g\000e}{section.3.3}% 26
\BOOKMARK [2][-]{subsection.3.3.3}{\376\377\000I\000m\000p\000l\000e\000m\000e\000n\000t\000a\000t\000i\000o\000n}{section.3.3}% 27
\BOOKMARK [0][-]{chapter.4}{\376\377\000E\000v\000a\000l\000u\000a\000t\000i\000o\000n}{}% 28
\BOOKMARK [1][-]{section.4.1}{\376\377\000P\000l\000a\000n\000n\000i\000n\000g}{chapter.4}% 29
\BOOKMARK [1][-]{section.4.2}{\376\377\000L\000e\000a\000r\000n\000i\000n\000g}{chapter.4}% 30
\BOOKMARK [2][-]{subsection.4.2.1}{\376\377\000T\000h\000e\000\040\000p\000i\000t\000f\000a\000l\000l\000s\000\040\000o\000f\000\040\000s\000h\000a\000p\000i\000n\000g}{section.4.2}% 31
\BOOKMARK [0][-]{chapter.5}{\376\377\000C\000o\000n\000c\000l\000u\000s\000i\000o\000n\000s\000\040\000a\000n\000d\000\040\000F\000u\000t\000u\000r\000e\000\040\000W\000o\000r\000k}{}% 32
\BOOKMARK [1][-]{section.5.1}{\376\377\000C\000o\000n\000c\000l\000u\000s\000i\000o\000n\000s}{chapter.5}% 33
\BOOKMARK [1][-]{section.5.2}{\376\377\000F\000u\000t\000u\000r\000e\000\040\000w\000o\000r\000k}{chapter.5}% 34
\BOOKMARK [0][-]{chapter*.14}{\376\377\000B\000i\000b\000l\000i\000o\000g\000r\000a\000p\000h\000y}{}% 35
\BOOKMARK [0][-]{appendix.A}{\376\377\000F\000i\000g\000u\000r\000e\000s\000\040\000e\000n\000h\000a\000n\000c\000e\000d\000.\000\040\000L\000e\000a\000r\000n\000i\000n\000g\000\040\000r\000e\000v\000i\000s\000i\000t\000e\000d\000.}{}% 36
